<?xml version="1.0" encoding="UTF-8"?>
<!-- Generated by org.testng.reporters.JUnitReportReporter -->
<testsuite hostname="Abhijith" failures="0" tests="1" name="extentReport.AddSSInExtentReport" time="4.503" errors="0" timestamp="2024-02-13T10:37:14 IST" skipped="0">
  <testcase classname="extentReport.AddSSInExtentReport" name="screenshot" time="4.503"/>
  <system-out/>
</testsuite> <!-- extentReport.AddSSInExtentReport -->
