<?xml version="1.0" encoding="UTF-8"?>
<!-- Generated by org.testng.reporters.JUnitReportReporter -->
<testsuite hostname="Abhijith" failures="0" tests="1" name="demo.Sample" time="0.014" errors="0" timestamp="2024-02-12T11:02:24 IST" skipped="0">
  <testcase classname="demo.Sample" name="demooTest" time="0.014"/>
  <system-out/>
</testsuite> <!-- demo.Sample -->
