<?xml version="1.0" encoding="UTF-8"?>
<!-- Generated by org.testng.reporters.JUnitReportReporter -->
<testsuite hostname="Abhijith" failures="0" tests="1" name="extentReport.ToLearnExtentReports" time="0.356" errors="0" timestamp="2024-02-13T10:29:40 IST" skipped="0">
  <testcase classname="extentReport.ToLearnExtentReports" name="demoTest" time="0.356"/>
  <system-out/>
</testsuite> <!-- extentReport.ToLearnExtentReports -->
